2023-09-13 11:34:47.479 [info] Log level: Info
2023-09-13 11:34:47.479 [info] Validating found git in: "git"
2023-09-13 11:34:47.479 [info] Using git "2.34.1" from "git"
2023-09-13 11:34:47.479 [info] > git rev-parse --show-toplevel [44ms]
2023-09-13 11:34:47.479 [info] > git rev-parse --git-dir --git-common-dir [53ms]
2023-09-13 11:34:47.479 [info] Open repository: /home/user/webpages_tech/Breakout2_group_code
2023-09-13 11:34:47.479 [info] > git config --get commit.template [69ms]
2023-09-13 11:34:47.479 [info] > git rev-parse --show-toplevel [60ms]
2023-09-13 11:34:47.479 [info] > git rev-parse --show-toplevel [32ms]
2023-09-13 11:34:47.479 [info] > git for-each-ref --format=%(refname)%00%(upstream:short)%00%(objectname)%00%(upstream:track)%00%(upstream:remotename)%00%(upstream:remoteref) refs/heads/main refs/remotes/main [59ms]
2023-09-13 11:34:47.480 [info] > git status -z -uall [61ms]
2023-09-13 11:34:47.481 [info] > git rev-parse --show-toplevel [41ms]
2023-09-13 11:34:47.520 [info] > git rev-parse --show-toplevel [18ms]
2023-09-13 11:34:47.625 [info] > git config --get commit.template [106ms]
2023-09-13 11:34:47.693 [info] > git for-each-ref --format=%(refname)%00%(upstream:short)%00%(objectname)%00%(upstream:track)%00%(upstream:remotename)%00%(upstream:remoteref) refs/heads/main refs/remotes/main [70ms]
2023-09-13 11:34:47.705 [info] > git rev-parse --show-toplevel [159ms]
2023-09-13 11:34:47.733 [info] > git status -z -uall [27ms]
2023-09-13 11:34:47.738 [info] > git rev-parse --show-toplevel [17ms]
2023-09-13 11:34:47.833 [info] > git rev-parse --show-toplevel [65ms]
2023-09-13 11:34:48.061 [info] > git rev-parse --show-toplevel [46ms]
2023-09-13 11:34:48.102 [info] > git check-ignore -v -z --stdin [43ms]
2023-09-13 11:34:48.113 [info] > git rev-parse --show-toplevel [15ms]
2023-09-13 11:34:48.148 [info] > git rev-parse --show-toplevel [10ms]
2023-09-13 11:34:48.178 [info] > git rev-parse --show-toplevel [9ms]
2023-09-13 11:34:48.279 [info] > git rev-parse --show-toplevel [28ms]
2023-09-13 11:34:48.315 [info] > git rev-parse --show-toplevel [19ms]
2023-09-13 11:34:48.441 [info] > git rev-parse --show-toplevel [35ms]
2023-09-13 11:34:48.530 [info] > git rev-parse --show-toplevel [17ms]
2023-09-13 11:34:48.563 [info] > git rev-parse --show-toplevel [15ms]
2023-09-13 11:34:48.601 [info] > git rev-parse --show-toplevel [14ms]
2023-09-13 11:34:48.665 [info] > git rev-parse --show-toplevel [31ms]
2023-09-13 11:34:50.654 [info] > git show --textconv :index.html [21ms]
2023-09-13 11:34:50.664 [info] > git ls-files --stage -- /home/user/webpages_tech/Breakout2_group_code/index.html [12ms]
2023-09-13 11:34:50.704 [info] > git cat-file -s a86e9e4de72f47b27b2671546af5e38793b90beb [14ms]
2023-09-13 11:34:52.608 [info] > git config --get commit.template [19ms]
2023-09-13 11:34:52.611 [info] > git for-each-ref --format=%(refname)%00%(upstream:short)%00%(objectname)%00%(upstream:track)%00%(upstream:remotename)%00%(upstream:remoteref) refs/heads/main refs/remotes/main [4ms]
2023-09-13 11:34:52.630 [info] > git status -z -uall [11ms]
2023-09-13 11:35:01.609 [info] > git config --get commit.template [40ms]
2023-09-13 11:35:01.657 [info] > git for-each-ref --format=%(refname)%00%(upstream:short)%00%(objectname)%00%(upstream:track)%00%(upstream:remotename)%00%(upstream:remoteref) refs/heads/main refs/remotes/main [49ms]
2023-09-13 11:35:01.796 [info] > git status -z -uall [102ms]
2023-09-13 11:35:06.897 [info] > git config --get commit.template [12ms]
2023-09-13 11:35:06.905 [info] > git for-each-ref --format=%(refname)%00%(upstream:short)%00%(objectname)%00%(upstream:track)%00%(upstream:remotename)%00%(upstream:remoteref) refs/heads/main refs/remotes/main [9ms]
2023-09-13 11:35:06.928 [info] > git status -z -uall [13ms]
2023-09-13 11:35:34.874 [info] > git config --get commit.template [22ms]
2023-09-13 11:35:34.883 [info] > git for-each-ref --format=%(refname)%00%(upstream:short)%00%(objectname)%00%(upstream:track)%00%(upstream:remotename)%00%(upstream:remoteref) refs/heads/main refs/remotes/main [11ms]
2023-09-13 11:35:34.914 [info] > git status -z -uall [17ms]
2023-09-13 11:35:39.949 [info] > git config --get commit.template [10ms]
2023-09-13 11:35:39.969 [info] > git for-each-ref --format=%(refname)%00%(upstream:short)%00%(objectname)%00%(upstream:track)%00%(upstream:remotename)%00%(upstream:remoteref) refs/heads/main refs/remotes/main [23ms]
2023-09-13 11:35:40.012 [info] > git status -z -uall [32ms]
2023-09-13 11:35:40.068 [info] > git check-ignore -v -z --stdin [26ms]
