2023-09-13 09:46:03.700 [info] Extension host with pid 5308 started
2023-09-13 09:46:03.701 [info] Skipping acquiring lock for /home/user/webpages_tech/Breakout2_group_code/User/workspaceStorage/9e7266b21b206a0a71758216a3eaaf0a.
2023-09-13 09:46:04.633 [info] ExtensionService#_doActivateExtension vscode.emmet, startup: false, activationEvent: 'onLanguage'
2023-09-13 09:46:04.661 [info] ExtensionService#_doActivateExtension vscode.css-language-features, startup: false, activationEvent: 'onLanguage:css'
2023-09-13 09:46:04.709 [info] ExtensionService#_doActivateExtension ms-edgedevtools.vscode-edge-devtools, startup: false, activationEvent: 'onLanguage:css'
2023-09-13 09:46:05.771 [info] ExtensionService#_doActivateExtension vscode.git-base, startup: true, activationEvent: '*', root cause: vscode.git
2023-09-13 09:46:06.135 [info] ExtensionService#_doActivateExtension vscode.git, startup: true, activationEvent: '*'
2023-09-13 09:46:06.299 [info] ExtensionService#_doActivateExtension vscode.github, startup: true, activationEvent: '*'
2023-09-13 09:46:06.854 [info] Eager extensions activated
2023-09-13 09:46:07.110 [info] ExtensionService#_doActivateExtension vscode.debug-auto-launch, startup: false, activationEvent: 'onStartupFinished'
2023-09-13 09:46:07.117 [info] ExtensionService#_doActivateExtension vscode.merge-conflict, startup: false, activationEvent: 'onStartupFinished'
2023-09-13 09:46:07.146 [info] ExtensionService#_doActivateExtension ritwickdey.LiveServer, startup: false, activationEvent: 'onStartupFinished'
2023-09-13 09:46:07.388 [warning] [Decorations] CAPPING events from decorations provider vscode.git 261
2023-09-13 09:46:08.091 [warning] [Decorations] CAPPING events from decorations provider vscode.git 261
2023-09-13 09:46:10.195 [info] ExtensionService#_doActivateExtension vscode.github-authentication, startup: false, activationEvent: 'onAuthenticationRequest:github'
2023-09-13 09:46:11.897 [info] ExtensionService#_doActivateExtension vscode.microsoft-authentication, startup: false, activationEvent: 'onAuthenticationRequest:microsoft'
2023-09-13 09:46:14.272 [warning] [Decorations] CAPPING events from decorations provider vscode.git 265
2023-09-13 09:46:19.394 [warning] [Decorations] CAPPING events from decorations provider vscode.git 267
2023-09-13 09:46:24.452 [warning] [Decorations] CAPPING events from decorations provider vscode.git 264
2023-09-13 09:46:29.503 [warning] [Decorations] CAPPING events from decorations provider vscode.git 264
2023-09-13 09:46:34.595 [warning] [Decorations] CAPPING events from decorations provider vscode.git 264
2023-09-13 09:46:39.657 [warning] [Decorations] CAPPING events from decorations provider vscode.git 262
2023-09-13 09:46:44.842 [warning] [Decorations] CAPPING events from decorations provider vscode.git 266
2023-09-13 09:46:49.914 [warning] [Decorations] CAPPING events from decorations provider vscode.git 266
2023-09-13 09:46:54.961 [warning] [Decorations] CAPPING events from decorations provider vscode.git 266
2023-09-13 09:47:00.029 [warning] [Decorations] CAPPING events from decorations provider vscode.git 266
2023-09-13 09:47:05.088 [warning] [Decorations] CAPPING events from decorations provider vscode.git 266
2023-09-13 09:47:10.149 [warning] [Decorations] CAPPING events from decorations provider vscode.git 266
2023-09-13 09:47:15.216 [warning] [Decorations] CAPPING events from decorations provider vscode.git 266
2023-09-13 09:47:20.310 [warning] [Decorations] CAPPING events from decorations provider vscode.git 266
2023-09-13 09:47:25.397 [warning] [Decorations] CAPPING events from decorations provider vscode.git 266
2023-09-13 09:47:30.490 [warning] [Decorations] CAPPING events from decorations provider vscode.git 266
2023-09-13 09:47:35.574 [warning] [Decorations] CAPPING events from decorations provider vscode.git 266
2023-09-13 09:47:40.637 [warning] [Decorations] CAPPING events from decorations provider vscode.git 266
2023-09-13 09:47:45.723 [warning] [Decorations] CAPPING events from decorations provider vscode.git 268
2023-09-13 09:47:50.800 [warning] [Decorations] CAPPING events from decorations provider vscode.git 265
2023-09-13 09:47:55.880 [warning] [Decorations] CAPPING events from decorations provider vscode.git 265
2023-09-13 09:48:00.992 [warning] [Decorations] CAPPING events from decorations provider vscode.git 265
2023-09-13 09:48:06.056 [warning] [Decorations] CAPPING events from decorations provider vscode.git 265
2023-09-13 09:48:11.107 [warning] [Decorations] CAPPING events from decorations provider vscode.git 265
2023-09-13 09:48:16.177 [warning] [Decorations] CAPPING events from decorations provider vscode.git 265
2023-09-13 09:48:21.269 [warning] [Decorations] CAPPING events from decorations provider vscode.git 265
2023-09-13 09:48:26.350 [warning] [Decorations] CAPPING events from decorations provider vscode.git 265
2023-09-13 09:48:31.411 [warning] [Decorations] CAPPING events from decorations provider vscode.git 265
2023-09-13 09:48:36.511 [warning] [Decorations] CAPPING events from decorations provider vscode.git 265
2023-09-13 09:48:41.570 [warning] [Decorations] CAPPING events from decorations provider vscode.git 265
2023-09-13 09:48:46.636 [warning] [Decorations] CAPPING events from decorations provider vscode.git 265
2023-09-13 09:48:51.703 [warning] [Decorations] CAPPING events from decorations provider vscode.git 265
2023-09-13 09:48:56.758 [warning] [Decorations] CAPPING events from decorations provider vscode.git 265
2023-09-13 09:49:01.841 [warning] [Decorations] CAPPING events from decorations provider vscode.git 265
2023-09-13 09:49:06.910 [warning] [Decorations] CAPPING events from decorations provider vscode.git 265
2023-09-13 09:49:11.984 [warning] [Decorations] CAPPING events from decorations provider vscode.git 265
2023-09-13 09:49:17.067 [warning] [Decorations] CAPPING events from decorations provider vscode.git 265
2023-09-13 09:49:22.161 [warning] [Decorations] CAPPING events from decorations provider vscode.git 265
2023-09-13 09:49:27.269 [warning] [Decorations] CAPPING events from decorations provider vscode.git 265
2023-09-13 09:49:32.363 [warning] [Decorations] CAPPING events from decorations provider vscode.git 265
2023-09-13 09:49:37.444 [warning] [Decorations] CAPPING events from decorations provider vscode.git 265
2023-09-13 09:49:42.512 [warning] [Decorations] CAPPING events from decorations provider vscode.git 265
2023-09-13 09:49:47.580 [warning] [Decorations] CAPPING events from decorations provider vscode.git 265
2023-09-13 09:49:52.637 [warning] [Decorations] CAPPING events from decorations provider vscode.git 265
2023-09-13 09:49:57.692 [warning] [Decorations] CAPPING events from decorations provider vscode.git 265
2023-09-13 09:50:02.748 [warning] [Decorations] CAPPING events from decorations provider vscode.git 265
2023-09-13 09:50:07.824 [warning] [Decorations] CAPPING events from decorations provider vscode.git 265
2023-09-13 09:50:12.874 [warning] [Decorations] CAPPING events from decorations provider vscode.git 265
2023-09-13 09:50:17.924 [warning] [Decorations] CAPPING events from decorations provider vscode.git 265
2023-09-13 09:50:22.982 [warning] [Decorations] CAPPING events from decorations provider vscode.git 265
2023-09-13 09:50:28.035 [warning] [Decorations] CAPPING events from decorations provider vscode.git 265
2023-09-13 09:50:33.091 [warning] [Decorations] CAPPING events from decorations provider vscode.git 265
2023-09-13 09:50:38.144 [warning] [Decorations] CAPPING events from decorations provider vscode.git 265
2023-09-13 09:50:43.194 [warning] [Decorations] CAPPING events from decorations provider vscode.git 265
2023-09-13 09:50:48.244 [warning] [Decorations] CAPPING events from decorations provider vscode.git 265
2023-09-13 09:50:53.323 [warning] [Decorations] CAPPING events from decorations provider vscode.git 265
2023-09-13 09:50:58.396 [warning] [Decorations] CAPPING events from decorations provider vscode.git 265
2023-09-13 09:51:03.443 [warning] [Decorations] CAPPING events from decorations provider vscode.git 265
2023-09-13 09:51:08.516 [warning] [Decorations] CAPPING events from decorations provider vscode.git 265
2023-09-13 09:51:13.573 [warning] [Decorations] CAPPING events from decorations provider vscode.git 265
2023-09-13 09:51:18.627 [warning] [Decorations] CAPPING events from decorations provider vscode.git 265
2023-09-13 09:51:23.678 [warning] [Decorations] CAPPING events from decorations provider vscode.git 265
2023-09-13 09:51:28.737 [warning] [Decorations] CAPPING events from decorations provider vscode.git 265
2023-09-13 09:51:33.796 [warning] [Decorations] CAPPING events from decorations provider vscode.git 265
2023-09-13 09:51:38.848 [warning] [Decorations] CAPPING events from decorations provider vscode.git 265
2023-09-13 09:51:43.899 [warning] [Decorations] CAPPING events from decorations provider vscode.git 265
2023-09-13 09:51:48.945 [warning] [Decorations] CAPPING events from decorations provider vscode.git 265
2023-09-13 09:51:53.996 [warning] [Decorations] CAPPING events from decorations provider vscode.git 265
2023-09-13 09:51:59.047 [warning] [Decorations] CAPPING events from decorations provider vscode.git 265
2023-09-13 09:52:04.092 [warning] [Decorations] CAPPING events from decorations provider vscode.git 265
2023-09-13 09:52:09.137 [warning] [Decorations] CAPPING events from decorations provider vscode.git 265
2023-09-13 09:52:14.184 [warning] [Decorations] CAPPING events from decorations provider vscode.git 265
2023-09-13 09:52:19.230 [warning] [Decorations] CAPPING events from decorations provider vscode.git 265
2023-09-13 09:52:24.293 [warning] [Decorations] CAPPING events from decorations provider vscode.git 265
2023-09-13 09:52:29.338 [warning] [Decorations] CAPPING events from decorations provider vscode.git 265
2023-09-13 09:52:34.400 [warning] [Decorations] CAPPING events from decorations provider vscode.git 265
2023-09-13 09:52:39.455 [warning] [Decorations] CAPPING events from decorations provider vscode.git 265
2023-09-13 09:52:44.511 [warning] [Decorations] CAPPING events from decorations provider vscode.git 265
2023-09-13 09:52:49.558 [warning] [Decorations] CAPPING events from decorations provider vscode.git 265
2023-09-13 09:52:54.616 [warning] [Decorations] CAPPING events from decorations provider vscode.git 265
2023-09-13 09:52:59.674 [warning] [Decorations] CAPPING events from decorations provider vscode.git 265
2023-09-13 09:53:04.719 [warning] [Decorations] CAPPING events from decorations provider vscode.git 265
2023-09-13 09:53:09.763 [warning] [Decorations] CAPPING events from decorations provider vscode.git 265
2023-09-13 09:53:14.807 [warning] [Decorations] CAPPING events from decorations provider vscode.git 265
2023-09-13 09:53:19.856 [warning] [Decorations] CAPPING events from decorations provider vscode.git 265
2023-09-13 09:53:24.902 [warning] [Decorations] CAPPING events from decorations provider vscode.git 265
2023-09-13 09:53:29.947 [warning] [Decorations] CAPPING events from decorations provider vscode.git 265
2023-09-13 09:53:35.007 [warning] [Decorations] CAPPING events from decorations provider vscode.git 265
2023-09-13 09:53:40.062 [warning] [Decorations] CAPPING events from decorations provider vscode.git 265
2023-09-13 09:53:45.113 [warning] [Decorations] CAPPING events from decorations provider vscode.git 265
2023-09-13 09:53:50.166 [warning] [Decorations] CAPPING events from decorations provider vscode.git 265
2023-09-13 09:53:55.249 [warning] [Decorations] CAPPING events from decorations provider vscode.git 265
2023-09-13 09:54:00.311 [warning] [Decorations] CAPPING events from decorations provider vscode.git 265
2023-09-13 09:54:05.365 [warning] [Decorations] CAPPING events from decorations provider vscode.git 265
2023-09-13 09:54:10.420 [warning] [Decorations] CAPPING events from decorations provider vscode.git 265
2023-09-13 09:54:15.467 [warning] [Decorations] CAPPING events from decorations provider vscode.git 265
2023-09-13 09:54:20.515 [warning] [Decorations] CAPPING events from decorations provider vscode.git 265
2023-09-13 09:54:25.564 [warning] [Decorations] CAPPING events from decorations provider vscode.git 265
2023-09-13 09:54:30.609 [warning] [Decorations] CAPPING events from decorations provider vscode.git 265
2023-09-13 09:54:35.669 [warning] [Decorations] CAPPING events from decorations provider vscode.git 265
2023-09-13 09:54:40.732 [warning] [Decorations] CAPPING events from decorations provider vscode.git 265
2023-09-13 09:54:45.793 [warning] [Decorations] CAPPING events from decorations provider vscode.git 265
2023-09-13 09:54:50.842 [warning] [Decorations] CAPPING events from decorations provider vscode.git 265
2023-09-13 09:54:55.894 [warning] [Decorations] CAPPING events from decorations provider vscode.git 265
2023-09-13 09:55:00.945 [warning] [Decorations] CAPPING events from decorations provider vscode.git 265
2023-09-13 09:55:05.995 [warning] [Decorations] CAPPING events from decorations provider vscode.git 265
2023-09-13 09:55:11.041 [warning] [Decorations] CAPPING events from decorations provider vscode.git 265
2023-09-13 09:55:16.091 [warning] [Decorations] CAPPING events from decorations provider vscode.git 265
2023-09-13 09:55:21.141 [warning] [Decorations] CAPPING events from decorations provider vscode.git 265
2023-09-13 09:55:26.187 [warning] [Decorations] CAPPING events from decorations provider vscode.git 265
2023-09-13 09:55:31.232 [warning] [Decorations] CAPPING events from decorations provider vscode.git 265
2023-09-13 09:55:36.286 [warning] [Decorations] CAPPING events from decorations provider vscode.git 265
2023-09-13 09:55:41.332 [warning] [Decorations] CAPPING events from decorations provider vscode.git 265
2023-09-13 09:55:46.381 [warning] [Decorations] CAPPING events from decorations provider vscode.git 265
2023-09-13 09:55:51.436 [warning] [Decorations] CAPPING events from decorations provider vscode.git 265
2023-09-13 09:55:56.482 [warning] [Decorations] CAPPING events from decorations provider vscode.git 265
2023-09-13 09:56:01.534 [warning] [Decorations] CAPPING events from decorations provider vscode.git 265
2023-09-13 09:56:06.588 [warning] [Decorations] CAPPING events from decorations provider vscode.git 265
2023-09-13 09:56:11.631 [warning] [Decorations] CAPPING events from decorations provider vscode.git 265
2023-09-13 09:56:16.689 [warning] [Decorations] CAPPING events from decorations provider vscode.git 265
2023-09-13 09:56:21.734 [warning] [Decorations] CAPPING events from decorations provider vscode.git 265
2023-09-13 09:56:26.787 [warning] [Decorations] CAPPING events from decorations provider vscode.git 265
2023-09-13 09:56:31.835 [warning] [Decorations] CAPPING events from decorations provider vscode.git 265
2023-09-13 09:56:36.884 [warning] [Decorations] CAPPING events from decorations provider vscode.git 265
2023-09-13 09:56:41.937 [warning] [Decorations] CAPPING events from decorations provider vscode.git 265
2023-09-13 09:56:46.986 [warning] [Decorations] CAPPING events from decorations provider vscode.git 265
2023-09-13 09:56:52.030 [warning] [Decorations] CAPPING events from decorations provider vscode.git 265
2023-09-13 09:56:57.075 [warning] [Decorations] CAPPING events from decorations provider vscode.git 265
2023-09-13 09:57:02.121 [warning] [Decorations] CAPPING events from decorations provider vscode.git 265
2023-09-13 09:57:07.175 [warning] [Decorations] CAPPING events from decorations provider vscode.git 265
2023-09-13 09:57:12.226 [warning] [Decorations] CAPPING events from decorations provider vscode.git 265
2023-09-13 09:57:17.276 [warning] [Decorations] CAPPING events from decorations provider vscode.git 265
2023-09-13 09:57:22.330 [warning] [Decorations] CAPPING events from decorations provider vscode.git 265
2023-09-13 09:57:27.381 [warning] [Decorations] CAPPING events from decorations provider vscode.git 265
2023-09-13 09:57:32.433 [warning] [Decorations] CAPPING events from decorations provider vscode.git 265
2023-09-13 09:57:37.484 [warning] [Decorations] CAPPING events from decorations provider vscode.git 265
2023-09-13 09:57:42.534 [warning] [Decorations] CAPPING events from decorations provider vscode.git 265
2023-09-13 09:57:47.589 [warning] [Decorations] CAPPING events from decorations provider vscode.git 265
2023-09-13 09:57:52.640 [warning] [Decorations] CAPPING events from decorations provider vscode.git 265
2023-09-13 09:57:57.688 [warning] [Decorations] CAPPING events from decorations provider vscode.git 265
2023-09-13 09:58:02.732 [warning] [Decorations] CAPPING events from decorations provider vscode.git 265
2023-09-13 09:58:07.782 [warning] [Decorations] CAPPING events from decorations provider vscode.git 265
2023-09-13 09:58:12.834 [warning] [Decorations] CAPPING events from decorations provider vscode.git 265
2023-09-13 09:58:17.880 [warning] [Decorations] CAPPING events from decorations provider vscode.git 265
2023-09-13 09:58:22.925 [warning] [Decorations] CAPPING events from decorations provider vscode.git 265
2023-09-13 09:58:27.974 [warning] [Decorations] CAPPING events from decorations provider vscode.git 265
2023-09-13 09:58:33.031 [warning] [Decorations] CAPPING events from decorations provider vscode.git 265
2023-09-13 09:58:38.089 [warning] [Decorations] CAPPING events from decorations provider vscode.git 265
2023-09-13 09:58:43.134 [warning] [Decorations] CAPPING events from decorations provider vscode.git 265
2023-09-13 09:58:48.180 [warning] [Decorations] CAPPING events from decorations provider vscode.git 265
2023-09-13 09:58:53.230 [warning] [Decorations] CAPPING events from decorations provider vscode.git 265
2023-09-13 09:58:58.285 [warning] [Decorations] CAPPING events from decorations provider vscode.git 265
2023-09-13 09:59:03.332 [warning] [Decorations] CAPPING events from decorations provider vscode.git 265
2023-09-13 09:59:08.379 [warning] [Decorations] CAPPING events from decorations provider vscode.git 265
2023-09-13 09:59:13.426 [warning] [Decorations] CAPPING events from decorations provider vscode.git 265
2023-09-13 09:59:18.484 [warning] [Decorations] CAPPING events from decorations provider vscode.git 265
2023-09-13 09:59:23.537 [warning] [Decorations] CAPPING events from decorations provider vscode.git 265
2023-09-13 09:59:28.581 [warning] [Decorations] CAPPING events from decorations provider vscode.git 265
2023-09-13 09:59:33.629 [warning] [Decorations] CAPPING events from decorations provider vscode.git 265
2023-09-13 09:59:38.674 [warning] [Decorations] CAPPING events from decorations provider vscode.git 265
2023-09-13 09:59:43.718 [warning] [Decorations] CAPPING events from decorations provider vscode.git 265
2023-09-13 09:59:48.763 [warning] [Decorations] CAPPING events from decorations provider vscode.git 265
2023-09-13 09:59:53.824 [warning] [Decorations] CAPPING events from decorations provider vscode.git 265
2023-09-13 09:59:58.884 [warning] [Decorations] CAPPING events from decorations provider vscode.git 265
2023-09-13 10:00:03.946 [warning] [Decorations] CAPPING events from decorations provider vscode.git 265
2023-09-13 10:00:08.984 [warning] [Decorations] CAPPING events from decorations provider vscode.git 265
2023-09-13 10:00:14.016 [warning] [Decorations] CAPPING events from decorations provider vscode.git 265
2023-09-13 10:00:19.050 [warning] [Decorations] CAPPING events from decorations provider vscode.git 265
2023-09-13 10:00:24.082 [warning] [Decorations] CAPPING events from decorations provider vscode.git 265
2023-09-13 10:00:29.122 [warning] [Decorations] CAPPING events from decorations provider vscode.git 265
2023-09-13 10:00:34.163 [warning] [Decorations] CAPPING events from decorations provider vscode.git 265
2023-09-13 10:00:39.208 [warning] [Decorations] CAPPING events from decorations provider vscode.git 265
2023-09-13 10:00:44.244 [warning] [Decorations] CAPPING events from decorations provider vscode.git 265
2023-09-13 10:00:49.279 [warning] [Decorations] CAPPING events from decorations provider vscode.git 265
2023-09-13 10:00:54.316 [warning] [Decorations] CAPPING events from decorations provider vscode.git 265
2023-09-13 10:00:59.353 [warning] [Decorations] CAPPING events from decorations provider vscode.git 265
2023-09-13 10:01:04.389 [warning] [Decorations] CAPPING events from decorations provider vscode.git 265
2023-09-13 10:01:09.425 [warning] [Decorations] CAPPING events from decorations provider vscode.git 265
2023-09-13 10:01:14.456 [warning] [Decorations] CAPPING events from decorations provider vscode.git 265
2023-09-13 10:01:19.494 [warning] [Decorations] CAPPING events from decorations provider vscode.git 265
2023-09-13 10:01:24.533 [warning] [Decorations] CAPPING events from decorations provider vscode.git 265
2023-09-13 10:01:29.568 [warning] [Decorations] CAPPING events from decorations provider vscode.git 265
2023-09-13 10:01:34.606 [warning] [Decorations] CAPPING events from decorations provider vscode.git 265
2023-09-13 10:01:39.636 [warning] [Decorations] CAPPING events from decorations provider vscode.git 265
2023-09-13 10:01:44.672 [warning] [Decorations] CAPPING events from decorations provider vscode.git 265
2023-09-13 10:01:49.706 [warning] [Decorations] CAPPING events from decorations provider vscode.git 265
2023-09-13 10:01:54.741 [warning] [Decorations] CAPPING events from decorations provider vscode.git 265
2023-09-13 10:01:59.780 [warning] [Decorations] CAPPING events from decorations provider vscode.git 265
2023-09-13 10:02:04.819 [warning] [Decorations] CAPPING events from decorations provider vscode.git 265
2023-09-13 10:02:09.853 [warning] [Decorations] CAPPING events from decorations provider vscode.git 265
2023-09-13 10:02:14.895 [warning] [Decorations] CAPPING events from decorations provider vscode.git 265
2023-09-13 10:02:19.927 [warning] [Decorations] CAPPING events from decorations provider vscode.git 265
2023-09-13 10:02:24.962 [warning] [Decorations] CAPPING events from decorations provider vscode.git 265
2023-09-13 10:02:30.021 [warning] [Decorations] CAPPING events from decorations provider vscode.git 265
2023-09-13 10:02:35.053 [warning] [Decorations] CAPPING events from decorations provider vscode.git 265
2023-09-13 10:02:40.083 [warning] [Decorations] CAPPING events from decorations provider vscode.git 265
2023-09-13 10:02:45.116 [warning] [Decorations] CAPPING events from decorations provider vscode.git 265
2023-09-13 10:02:50.150 [warning] [Decorations] CAPPING events from decorations provider vscode.git 265
2023-09-13 10:02:55.201 [warning] [Decorations] CAPPING events from decorations provider vscode.git 265
2023-09-13 10:03:00.230 [warning] [Decorations] CAPPING events from decorations provider vscode.git 265
2023-09-13 10:03:05.263 [warning] [Decorations] CAPPING events from decorations provider vscode.git 265
2023-09-13 10:03:10.296 [warning] [Decorations] CAPPING events from decorations provider vscode.git 265
2023-09-13 10:03:15.328 [warning] [Decorations] CAPPING events from decorations provider vscode.git 265
2023-09-13 10:03:20.363 [warning] [Decorations] CAPPING events from decorations provider vscode.git 265
2023-09-13 10:03:25.399 [warning] [Decorations] CAPPING events from decorations provider vscode.git 265
2023-09-13 10:03:30.436 [warning] [Decorations] CAPPING events from decorations provider vscode.git 265
2023-09-13 10:03:35.472 [warning] [Decorations] CAPPING events from decorations provider vscode.git 265
2023-09-13 10:03:40.522 [warning] [Decorations] CAPPING events from decorations provider vscode.git 265
2023-09-13 10:03:45.555 [warning] [Decorations] CAPPING events from decorations provider vscode.git 265
2023-09-13 10:03:50.590 [warning] [Decorations] CAPPING events from decorations provider vscode.git 265
2023-09-13 10:03:55.626 [warning] [Decorations] CAPPING events from decorations provider vscode.git 265
2023-09-13 10:04:00.664 [warning] [Decorations] CAPPING events from decorations provider vscode.git 265
2023-09-13 10:04:05.697 [warning] [Decorations] CAPPING events from decorations provider vscode.git 265
2023-09-13 10:04:10.729 [warning] [Decorations] CAPPING events from decorations provider vscode.git 265
2023-09-13 10:04:15.760 [warning] [Decorations] CAPPING events from decorations provider vscode.git 265
2023-09-13 10:04:20.793 [warning] [Decorations] CAPPING events from decorations provider vscode.git 265
2023-09-13 10:04:25.829 [warning] [Decorations] CAPPING events from decorations provider vscode.git 265
2023-09-13 10:04:30.859 [warning] [Decorations] CAPPING events from decorations provider vscode.git 265
2023-09-13 10:04:35.893 [warning] [Decorations] CAPPING events from decorations provider vscode.git 265
2023-09-13 10:04:40.930 [warning] [Decorations] CAPPING events from decorations provider vscode.git 265
2023-09-13 10:04:45.966 [warning] [Decorations] CAPPING events from decorations provider vscode.git 265
2023-09-13 10:04:51.019 [warning] [Decorations] CAPPING events from decorations provider vscode.git 265
2023-09-13 10:04:56.096 [warning] [Decorations] CAPPING events from decorations provider vscode.git 265
2023-09-13 10:05:01.128 [warning] [Decorations] CAPPING events from decorations provider vscode.git 265
2023-09-13 10:05:06.166 [warning] [Decorations] CAPPING events from decorations provider vscode.git 265
2023-09-13 10:05:11.200 [warning] [Decorations] CAPPING events from decorations provider vscode.git 265
2023-09-13 10:05:16.239 [warning] [Decorations] CAPPING events from decorations provider vscode.git 265
2023-09-13 10:05:21.285 [warning] [Decorations] CAPPING events from decorations provider vscode.git 265
2023-09-13 10:05:26.335 [warning] [Decorations] CAPPING events from decorations provider vscode.git 265
2023-09-13 10:05:31.381 [warning] [Decorations] CAPPING events from decorations provider vscode.git 265
2023-09-13 10:05:36.431 [warning] [Decorations] CAPPING events from decorations provider vscode.git 265
2023-09-13 10:05:41.483 [warning] [Decorations] CAPPING events from decorations provider vscode.git 265
2023-09-13 10:05:46.524 [warning] [Decorations] CAPPING events from decorations provider vscode.git 265
2023-09-13 10:05:51.563 [warning] [Decorations] CAPPING events from decorations provider vscode.git 265
2023-09-13 10:05:56.598 [warning] [Decorations] CAPPING events from decorations provider vscode.git 265
2023-09-13 10:06:01.632 [warning] [Decorations] CAPPING events from decorations provider vscode.git 265
2023-09-13 10:06:06.670 [warning] [Decorations] CAPPING events from decorations provider vscode.git 265
2023-09-13 10:06:11.705 [warning] [Decorations] CAPPING events from decorations provider vscode.git 265
2023-09-13 10:06:16.739 [warning] [Decorations] CAPPING events from decorations provider vscode.git 265
2023-09-13 10:06:21.777 [warning] [Decorations] CAPPING events from decorations provider vscode.git 265
2023-09-13 10:06:26.813 [warning] [Decorations] CAPPING events from decorations provider vscode.git 265
2023-09-13 10:06:31.849 [warning] [Decorations] CAPPING events from decorations provider vscode.git 265
2023-09-13 10:06:36.898 [warning] [Decorations] CAPPING events from decorations provider vscode.git 265
2023-09-13 10:06:41.940 [warning] [Decorations] CAPPING events from decorations provider vscode.git 265
2023-09-13 10:06:46.985 [warning] [Decorations] CAPPING events from decorations provider vscode.git 265
2023-09-13 10:06:52.042 [warning] [Decorations] CAPPING events from decorations provider vscode.git 265
2023-09-13 10:06:57.086 [warning] [Decorations] CAPPING events from decorations provider vscode.git 265
2023-09-13 10:07:02.121 [warning] [Decorations] CAPPING events from decorations provider vscode.git 265
2023-09-13 10:07:07.150 [warning] [Decorations] CAPPING events from decorations provider vscode.git 265
2023-09-13 10:07:12.184 [warning] [Decorations] CAPPING events from decorations provider vscode.git 265
2023-09-13 10:07:17.227 [warning] [Decorations] CAPPING events from decorations provider vscode.git 265
2023-09-13 10:07:22.267 [warning] [Decorations] CAPPING events from decorations provider vscode.git 265
2023-09-13 10:07:27.300 [warning] [Decorations] CAPPING events from decorations provider vscode.git 265
2023-09-13 10:07:32.340 [warning] [Decorations] CAPPING events from decorations provider vscode.git 265
2023-09-13 10:07:37.388 [warning] [Decorations] CAPPING events from decorations provider vscode.git 265
2023-09-13 10:07:42.430 [warning] [Decorations] CAPPING events from decorations provider vscode.git 265
2023-09-13 10:07:47.474 [warning] [Decorations] CAPPING events from decorations provider vscode.git 265
2023-09-13 10:07:52.510 [warning] [Decorations] CAPPING events from decorations provider vscode.git 265
2023-09-13 10:07:57.591 [warning] [Decorations] CAPPING events from decorations provider vscode.git 265
2023-09-13 10:08:02.634 [warning] [Decorations] CAPPING events from decorations provider vscode.git 265
2023-09-13 10:08:07.677 [warning] [Decorations] CAPPING events from decorations provider vscode.git 265
2023-09-13 10:08:12.711 [warning] [Decorations] CAPPING events from decorations provider vscode.git 265
2023-09-13 10:08:17.749 [warning] [Decorations] CAPPING events from decorations provider vscode.git 265
2023-09-13 10:08:22.785 [warning] [Decorations] CAPPING events from decorations provider vscode.git 265
2023-09-13 10:08:27.824 [warning] [Decorations] CAPPING events from decorations provider vscode.git 265
2023-09-13 10:08:32.868 [warning] [Decorations] CAPPING events from decorations provider vscode.git 265
2023-09-13 10:08:37.912 [warning] [Decorations] CAPPING events from decorations provider vscode.git 265
2023-09-13 10:08:42.952 [warning] [Decorations] CAPPING events from decorations provider vscode.git 265
2023-09-13 10:08:47.990 [warning] [Decorations] CAPPING events from decorations provider vscode.git 265
2023-09-13 10:08:53.029 [warning] [Decorations] CAPPING events from decorations provider vscode.git 265
2023-09-13 10:08:58.063 [warning] [Decorations] CAPPING events from decorations provider vscode.git 265
2023-09-13 10:09:03.099 [warning] [Decorations] CAPPING events from decorations provider vscode.git 265
2023-09-13 10:09:08.136 [warning] [Decorations] CAPPING events from decorations provider vscode.git 265
2023-09-13 10:09:13.176 [warning] [Decorations] CAPPING events from decorations provider vscode.git 265
2023-09-13 10:09:18.217 [warning] [Decorations] CAPPING events from decorations provider vscode.git 265
2023-09-13 10:09:23.256 [warning] [Decorations] CAPPING events from decorations provider vscode.git 265
2023-09-13 10:09:28.296 [warning] [Decorations] CAPPING events from decorations provider vscode.git 265
2023-09-13 10:09:33.334 [warning] [Decorations] CAPPING events from decorations provider vscode.git 265
2023-09-13 10:09:38.383 [warning] [Decorations] CAPPING events from decorations provider vscode.git 265
2023-09-13 10:09:43.430 [warning] [Decorations] CAPPING events from decorations provider vscode.git 265
2023-09-13 10:09:48.478 [warning] [Decorations] CAPPING events from decorations provider vscode.git 265
2023-09-13 10:09:53.541 [warning] [Decorations] CAPPING events from decorations provider vscode.git 265
2023-09-13 10:09:58.599 [warning] [Decorations] CAPPING events from decorations provider vscode.git 265
2023-09-13 10:10:03.629 [warning] [Decorations] CAPPING events from decorations provider vscode.git 265
2023-09-13 10:10:08.678 [warning] [Decorations] CAPPING events from decorations provider vscode.git 265
2023-09-13 10:10:13.721 [warning] [Decorations] CAPPING events from decorations provider vscode.git 265
2023-09-13 10:10:18.769 [warning] [Decorations] CAPPING events from decorations provider vscode.git 265
2023-09-13 10:10:23.807 [warning] [Decorations] CAPPING events from decorations provider vscode.git 265
2023-09-13 10:10:28.844 [warning] [Decorations] CAPPING events from decorations provider vscode.git 265
2023-09-13 10:10:33.884 [warning] [Decorations] CAPPING events from decorations provider vscode.git 265
2023-09-13 10:10:38.913 [warning] [Decorations] CAPPING events from decorations provider vscode.git 265
2023-09-13 10:10:43.962 [warning] [Decorations] CAPPING events from decorations provider vscode.git 265
2023-09-13 10:10:49.043 [warning] [Decorations] CAPPING events from decorations provider vscode.git 265
2023-09-13 10:10:54.102 [warning] [Decorations] CAPPING events from decorations provider vscode.git 265
2023-09-13 10:10:59.156 [warning] [Decorations] CAPPING events from decorations provider vscode.git 265
2023-09-13 10:11:04.192 [warning] [Decorations] CAPPING events from decorations provider vscode.git 265
2023-09-13 10:11:09.244 [warning] [Decorations] CAPPING events from decorations provider vscode.git 265
2023-09-13 10:11:14.297 [warning] [Decorations] CAPPING events from decorations provider vscode.git 266
2023-09-13 10:11:19.396 [warning] [Decorations] CAPPING events from decorations provider vscode.git 267
2023-09-13 10:12:36.676 [warning] [Decorations] CAPPING events from decorations provider vscode.git 409
2023-09-13 10:12:40.835 [info] ExtensionService#_doActivateExtension vscode.html-language-features, startup: false, activationEvent: 'onLanguage:html'
2023-09-13 10:12:41.889 [warning] [Decorations] CAPPING events from decorations provider vscode.git 410
2023-09-13 10:12:46.940 [warning] [Decorations] CAPPING events from decorations provider vscode.git 410
2023-09-13 10:12:51.997 [warning] [Decorations] CAPPING events from decorations provider vscode.git 410
2023-09-13 10:12:57.304 [warning] [Decorations] CAPPING events from decorations provider vscode.git 411
2023-09-13 10:13:02.398 [warning] [Decorations] CAPPING events from decorations provider vscode.git 411
2023-09-13 10:13:07.440 [warning] [Decorations] CAPPING events from decorations provider vscode.git 411
2023-09-13 10:13:12.485 [warning] [Decorations] CAPPING events from decorations provider vscode.git 411
2023-09-13 10:13:17.583 [warning] [Decorations] CAPPING events from decorations provider vscode.git 412
2023-09-13 10:13:25.385 [warning] [Decorations] CAPPING events from decorations provider vscode.git 411
2023-09-13 10:13:30.450 [warning] [Decorations] CAPPING events from decorations provider vscode.git 411
2023-09-13 10:13:35.516 [warning] [Decorations] CAPPING events from decorations provider vscode.git 411
2023-09-13 10:13:40.586 [warning] [Decorations] CAPPING events from decorations provider vscode.git 412
2023-09-13 10:13:45.682 [warning] [Decorations] CAPPING events from decorations provider vscode.git 412
2023-09-13 10:13:50.745 [warning] [Decorations] CAPPING events from decorations provider vscode.git 413
2023-09-13 10:13:55.812 [warning] [Decorations] CAPPING events from decorations provider vscode.git 413
2023-09-13 10:14:00.853 [warning] [Decorations] CAPPING events from decorations provider vscode.git 413
2023-09-13 10:14:05.902 [warning] [Decorations] CAPPING events from decorations provider vscode.git 414
2023-09-13 10:14:10.945 [warning] [Decorations] CAPPING events from decorations provider vscode.git 413
2023-09-13 10:14:16.037 [warning] [Decorations] CAPPING events from decorations provider vscode.git 413
2023-09-13 10:14:21.105 [warning] [Decorations] CAPPING events from decorations provider vscode.git 414
2023-09-13 10:14:26.149 [warning] [Decorations] CAPPING events from decorations provider vscode.git 414
2023-09-13 10:14:31.201 [warning] [Decorations] CAPPING events from decorations provider vscode.git 414
2023-09-13 10:14:36.244 [warning] [Decorations] CAPPING events from decorations provider vscode.git 414
2023-09-13 10:14:41.295 [warning] [Decorations] CAPPING events from decorations provider vscode.git 414
2023-09-13 10:14:46.371 [warning] [Decorations] CAPPING events from decorations provider vscode.git 414
2023-09-13 10:14:51.428 [warning] [Decorations] CAPPING events from decorations provider vscode.git 414
2023-09-13 10:14:56.491 [warning] [Decorations] CAPPING events from decorations provider vscode.git 414
2023-09-13 10:15:01.552 [warning] [Decorations] CAPPING events from decorations provider vscode.git 414
2023-09-13 10:15:06.609 [warning] [Decorations] CAPPING events from decorations provider vscode.git 414
2023-09-13 10:15:11.668 [warning] [Decorations] CAPPING events from decorations provider vscode.git 414
2023-09-13 10:15:18.328 [warning] [Decorations] CAPPING events from decorations provider vscode.git 414
2023-09-13 10:15:23.366 [warning] [Decorations] CAPPING events from decorations provider vscode.git 414
2023-09-13 10:15:28.456 [warning] [Decorations] CAPPING events from decorations provider vscode.git 415
2023-09-13 10:15:37.885 [warning] [Decorations] CAPPING events from decorations provider vscode.git 416
2023-09-13 10:15:42.925 [warning] [Decorations] CAPPING events from decorations provider vscode.git 415
2023-09-13 10:15:48.012 [warning] [Decorations] CAPPING events from decorations provider vscode.git 416
2023-09-13 10:15:53.126 [warning] [Decorations] CAPPING events from decorations provider vscode.git 416
2023-09-13 10:15:58.213 [warning] [Decorations] CAPPING events from decorations provider vscode.git 417
2023-09-13 10:16:35.144 [warning] [Decorations] CAPPING events from decorations provider vscode.git 417
2023-09-13 10:16:40.193 [warning] [Decorations] CAPPING events from decorations provider vscode.git 417
2023-09-13 10:16:45.245 [warning] [Decorations] CAPPING events from decorations provider vscode.git 417
2023-09-13 10:16:50.336 [warning] [Decorations] CAPPING events from decorations provider vscode.git 418
2023-09-13 10:16:55.497 [warning] [Decorations] CAPPING events from decorations provider vscode.git 419
2023-09-13 10:17:01.647 [warning] [Decorations] CAPPING events from decorations provider vscode.git 418
2023-09-13 10:17:06.755 [warning] [Decorations] CAPPING events from decorations provider vscode.git 418
2023-09-13 10:17:11.831 [warning] [Decorations] CAPPING events from decorations provider vscode.git 419
2023-09-13 10:17:16.904 [warning] [Decorations] CAPPING events from decorations provider vscode.git 420
2023-09-13 10:17:21.964 [warning] [Decorations] CAPPING events from decorations provider vscode.git 419
2023-09-13 10:17:27.014 [warning] [Decorations] CAPPING events from decorations provider vscode.git 419
2023-09-13 10:17:32.067 [warning] [Decorations] CAPPING events from decorations provider vscode.git 419
2023-09-13 10:17:37.107 [warning] [Decorations] CAPPING events from decorations provider vscode.git 419
2023-09-13 10:17:42.150 [warning] [Decorations] CAPPING events from decorations provider vscode.git 419
2023-09-13 10:17:47.192 [warning] [Decorations] CAPPING events from decorations provider vscode.git 419
2023-09-13 10:17:52.265 [warning] [Decorations] CAPPING events from decorations provider vscode.git 419
2023-09-13 10:17:57.325 [warning] [Decorations] CAPPING events from decorations provider vscode.git 419
2023-09-13 10:18:02.385 [warning] [Decorations] CAPPING events from decorations provider vscode.git 419
2023-09-13 10:18:07.460 [warning] [Decorations] CAPPING events from decorations provider vscode.git 419
2023-09-13 10:18:12.510 [warning] [Decorations] CAPPING events from decorations provider vscode.git 419
2023-09-13 10:18:17.554 [warning] [Decorations] CAPPING events from decorations provider vscode.git 419
2023-09-13 10:18:22.609 [warning] [Decorations] CAPPING events from decorations provider vscode.git 419
2023-09-13 10:18:27.659 [warning] [Decorations] CAPPING events from decorations provider vscode.git 419
2023-09-13 10:18:32.708 [warning] [Decorations] CAPPING events from decorations provider vscode.git 419
2023-09-13 10:18:37.773 [warning] [Decorations] CAPPING events from decorations provider vscode.git 419
2023-09-13 10:18:42.893 [warning] [Decorations] CAPPING events from decorations provider vscode.git 419
2023-09-13 10:18:47.944 [warning] [Decorations] CAPPING events from decorations provider vscode.git 419
2023-09-13 10:18:52.981 [warning] [Decorations] CAPPING events from decorations provider vscode.git 419
2023-09-13 10:18:58.019 [warning] [Decorations] CAPPING events from decorations provider vscode.git 420
2023-09-13 10:19:03.064 [warning] [Decorations] CAPPING events from decorations provider vscode.git 420
2023-09-13 10:19:08.108 [warning] [Decorations] CAPPING events from decorations provider vscode.git 420
2023-09-13 10:19:13.185 [warning] [Decorations] CAPPING events from decorations provider vscode.git 420
2023-09-13 10:19:18.225 [warning] [Decorations] CAPPING events from decorations provider vscode.git 420
2023-09-13 10:19:23.266 [warning] [Decorations] CAPPING events from decorations provider vscode.git 420
2023-09-13 10:19:28.429 [warning] [Decorations] CAPPING events from decorations provider vscode.git 420
2023-09-13 10:19:33.514 [warning] [Decorations] CAPPING events from decorations provider vscode.git 420
2023-09-13 10:19:38.577 [warning] [Decorations] CAPPING events from decorations provider vscode.git 420
2023-09-13 10:19:43.620 [warning] [Decorations] CAPPING events from decorations provider vscode.git 420
2023-09-13 10:19:48.675 [warning] [Decorations] CAPPING events from decorations provider vscode.git 420
2023-09-13 10:19:53.741 [warning] [Decorations] CAPPING events from decorations provider vscode.git 420
2023-09-13 10:19:58.786 [warning] [Decorations] CAPPING events from decorations provider vscode.git 420
2023-09-13 10:20:03.866 [warning] [Decorations] CAPPING events from decorations provider vscode.git 420
2023-09-13 10:20:57.827 [warning] [Decorations] CAPPING events from decorations provider vscode.git 421
2023-09-13 10:21:02.868 [warning] [Decorations] CAPPING events from decorations provider vscode.git 420
2023-09-13 10:21:07.927 [warning] [Decorations] CAPPING events from decorations provider vscode.git 420
2023-09-13 10:21:13.149 [warning] [Decorations] CAPPING events from decorations provider vscode.git 420
2023-09-13 10:21:18.202 [warning] [Decorations] CAPPING events from decorations provider vscode.git 420
2023-09-13 10:21:23.243 [warning] [Decorations] CAPPING events from decorations provider vscode.git 421
2023-09-13 10:21:28.292 [warning] [Decorations] CAPPING events from decorations provider vscode.git 421
2023-09-13 10:21:33.367 [warning] [Decorations] CAPPING events from decorations provider vscode.git 421
2023-09-13 10:21:38.408 [warning] [Decorations] CAPPING events from decorations provider vscode.git 422
2023-09-13 10:21:43.457 [warning] [Decorations] CAPPING events from decorations provider vscode.git 421
2023-09-13 10:21:48.519 [warning] [Decorations] CAPPING events from decorations provider vscode.git 421
2023-09-13 10:21:53.591 [warning] [Decorations] CAPPING events from decorations provider vscode.git 421
2023-09-13 10:21:58.777 [warning] [Decorations] CAPPING events from decorations provider vscode.git 421
2023-09-13 10:22:03.861 [warning] [Decorations] CAPPING events from decorations provider vscode.git 421
2023-09-13 10:22:08.923 [warning] [Decorations] CAPPING events from decorations provider vscode.git 422
2023-09-13 10:22:14.075 [warning] [Decorations] CAPPING events from decorations provider vscode.git 422
2023-09-13 10:22:19.207 [warning] [Decorations] CAPPING events from decorations provider vscode.git 422
2023-09-13 10:22:24.265 [warning] [Decorations] CAPPING events from decorations provider vscode.git 423
2023-09-13 10:22:29.315 [warning] [Decorations] CAPPING events from decorations provider vscode.git 423
2023-09-13 10:22:34.378 [warning] [Decorations] CAPPING events from decorations provider vscode.git 423
2023-09-13 10:22:39.421 [warning] [Decorations] CAPPING events from decorations provider vscode.git 423
2023-09-13 10:22:44.552 [warning] [Decorations] CAPPING events from decorations provider vscode.git 423
2023-09-13 10:22:49.611 [warning] [Decorations] CAPPING events from decorations provider vscode.git 424
2023-09-13 10:22:54.657 [warning] [Decorations] CAPPING events from decorations provider vscode.git 423
2023-09-13 10:22:59.757 [warning] [Decorations] CAPPING events from decorations provider vscode.git 423
2023-09-13 10:23:04.829 [warning] [Decorations] CAPPING events from decorations provider vscode.git 423
2023-09-13 10:23:09.871 [warning] [Decorations] CAPPING events from decorations provider vscode.git 423
2023-09-13 10:23:14.958 [warning] [Decorations] CAPPING events from decorations provider vscode.git 423
2023-09-13 10:23:20.025 [warning] [Decorations] CAPPING events from decorations provider vscode.git 424
2023-09-13 10:23:25.092 [warning] [Decorations] CAPPING events from decorations provider vscode.git 425
2023-09-13 10:23:30.152 [warning] [Decorations] CAPPING events from decorations provider vscode.git 424
2023-09-13 10:23:35.209 [warning] [Decorations] CAPPING events from decorations provider vscode.git 424
2023-09-13 10:23:40.253 [warning] [Decorations] CAPPING events from decorations provider vscode.git 424
2023-09-13 10:23:45.354 [warning] [Decorations] CAPPING events from decorations provider vscode.git 424
2023-09-13 10:23:50.450 [warning] [Decorations] CAPPING events from decorations provider vscode.git 424
2023-09-13 10:23:55.536 [warning] [Decorations] CAPPING events from decorations provider vscode.git 424
2023-09-13 10:24:00.579 [warning] [Decorations] CAPPING events from decorations provider vscode.git 425
2023-09-13 10:24:05.666 [warning] [Decorations] CAPPING events from decorations provider vscode.git 425
2023-09-13 10:24:10.779 [warning] [Decorations] CAPPING events from decorations provider vscode.git 425
2023-09-13 10:24:15.854 [warning] [Decorations] CAPPING events from decorations provider vscode.git 426
2023-09-13 10:24:20.925 [warning] [Decorations] CAPPING events from decorations provider vscode.git 425
2023-09-13 10:24:25.969 [warning] [Decorations] CAPPING events from decorations provider vscode.git 425
2023-09-13 10:24:31.017 [warning] [Decorations] CAPPING events from decorations provider vscode.git 425
2023-09-13 10:24:36.074 [warning] [Decorations] CAPPING events from decorations provider vscode.git 425
2023-09-13 10:24:41.196 [warning] [Decorations] CAPPING events from decorations provider vscode.git 425
2023-09-13 10:24:46.367 [warning] [Decorations] CAPPING events from decorations provider vscode.git 426
2023-09-13 10:24:57.246 [warning] [Decorations] CAPPING events from decorations provider vscode.git 427
2023-09-13 10:25:02.346 [warning] [Decorations] CAPPING events from decorations provider vscode.git 427
2023-09-13 10:25:07.439 [warning] [Decorations] CAPPING events from decorations provider vscode.git 428
2023-09-13 10:25:12.508 [warning] [Decorations] CAPPING events from decorations provider vscode.git 427
2023-09-13 10:25:17.551 [warning] [Decorations] CAPPING events from decorations provider vscode.git 427
2023-09-13 10:25:22.613 [warning] [Decorations] CAPPING events from decorations provider vscode.git 427
2023-09-13 10:25:27.655 [warning] [Decorations] CAPPING events from decorations provider vscode.git 427
2023-09-13 10:25:32.714 [warning] [Decorations] CAPPING events from decorations provider vscode.git 427
2023-09-13 10:25:37.762 [warning] [Decorations] CAPPING events from decorations provider vscode.git 428
2023-09-13 10:25:42.814 [warning] [Decorations] CAPPING events from decorations provider vscode.git 428
2023-09-13 10:25:47.861 [warning] [Decorations] CAPPING events from decorations provider vscode.git 428
2023-09-13 10:25:52.940 [warning] [Decorations] CAPPING events from decorations provider vscode.git 428
2023-09-13 10:25:57.987 [warning] [Decorations] CAPPING events from decorations provider vscode.git 428
2023-09-13 10:26:13.380 [warning] [Decorations] CAPPING events from decorations provider vscode.git 430
2023-09-13 10:26:18.424 [warning] [Decorations] CAPPING events from decorations provider vscode.git 429
2023-09-13 10:26:23.471 [warning] [Decorations] CAPPING events from decorations provider vscode.git 429
2023-09-13 10:26:28.579 [warning] [Decorations] CAPPING events from decorations provider vscode.git 429
2023-09-13 10:26:33.654 [warning] [Decorations] CAPPING events from decorations provider vscode.git 429
2023-09-13 10:26:38.740 [warning] [Decorations] CAPPING events from decorations provider vscode.git 430
2023-09-13 10:26:43.795 [warning] [Decorations] CAPPING events from decorations provider vscode.git 431
2023-09-13 10:26:48.886 [warning] [Decorations] CAPPING events from decorations provider vscode.git 430
2023-09-13 10:26:53.933 [warning] [Decorations] CAPPING events from decorations provider vscode.git 430
2023-09-13 10:26:59.041 [warning] [Decorations] CAPPING events from decorations provider vscode.git 430
2023-09-13 10:27:04.094 [warning] [Decorations] CAPPING events from decorations provider vscode.git 430
2023-09-13 10:27:09.146 [warning] [Decorations] CAPPING events from decorations provider vscode.git 430
2023-09-13 10:27:14.241 [warning] [Decorations] CAPPING events from decorations provider vscode.git 430
2023-09-13 10:27:19.293 [warning] [Decorations] CAPPING events from decorations provider vscode.git 431
2023-09-13 10:27:24.333 [warning] [Decorations] CAPPING events from decorations provider vscode.git 432
2023-09-13 10:27:29.391 [warning] [Decorations] CAPPING events from decorations provider vscode.git 432
2023-09-13 10:27:34.434 [warning] [Decorations] CAPPING events from decorations provider vscode.git 432
2023-09-13 10:27:39.574 [warning] [Decorations] CAPPING events from decorations provider vscode.git 432
2023-09-13 10:27:44.621 [warning] [Decorations] CAPPING events from decorations provider vscode.git 432
2023-09-13 10:27:49.660 [warning] [Decorations] CAPPING events from decorations provider vscode.git 432
2023-09-13 10:27:54.709 [warning] [Decorations] CAPPING events from decorations provider vscode.git 432
2023-09-13 10:27:59.785 [warning] [Decorations] CAPPING events from decorations provider vscode.git 433
2023-09-13 10:28:04.888 [warning] [Decorations] CAPPING events from decorations provider vscode.git 432
2023-09-13 10:28:09.966 [warning] [Decorations] CAPPING events from decorations provider vscode.git 432
2023-09-13 10:28:15.032 [warning] [Decorations] CAPPING events from decorations provider vscode.git 432
2023-09-13 10:28:20.090 [warning] [Decorations] CAPPING events from decorations provider vscode.git 432
2023-09-13 10:28:25.145 [warning] [Decorations] CAPPING events from decorations provider vscode.git 432
2023-09-13 10:28:30.196 [warning] [Decorations] CAPPING events from decorations provider vscode.git 432
2023-09-13 10:28:35.252 [warning] [Decorations] CAPPING events from decorations provider vscode.git 432
2023-09-13 10:28:40.317 [warning] [Decorations] CAPPING events from decorations provider vscode.git 432
2023-09-13 10:28:45.403 [warning] [Decorations] CAPPING events from decorations provider vscode.git 432
2023-09-13 10:28:50.479 [warning] [Decorations] CAPPING events from decorations provider vscode.git 433
2023-09-13 10:28:55.533 [warning] [Decorations] CAPPING events from decorations provider vscode.git 433
2023-09-13 10:29:00.689 [warning] [Decorations] CAPPING events from decorations provider vscode.git 434
2023-09-13 10:29:05.742 [warning] [Decorations] CAPPING events from decorations provider vscode.git 434
2023-09-13 10:29:10.788 [warning] [Decorations] CAPPING events from decorations provider vscode.git 434
2023-09-13 10:29:15.921 [warning] [Decorations] CAPPING events from decorations provider vscode.git 434
2023-09-13 10:29:20.979 [warning] [Decorations] CAPPING events from decorations provider vscode.git 434
2023-09-13 10:29:26.032 [warning] [Decorations] CAPPING events from decorations provider vscode.git 434
2023-09-13 10:29:31.130 [warning] [Decorations] CAPPING events from decorations provider vscode.git 434
2023-09-13 10:29:36.171 [warning] [Decorations] CAPPING events from decorations provider vscode.git 434
2023-09-13 10:29:41.215 [warning] [Decorations] CAPPING events from decorations provider vscode.git 434
2023-09-13 10:29:55.568 [warning] [Decorations] CAPPING events from decorations provider vscode.git 435
2023-09-13 10:30:00.619 [warning] [Decorations] CAPPING events from decorations provider vscode.git 434
2023-09-13 10:30:05.670 [warning] [Decorations] CAPPING events from decorations provider vscode.git 435
2023-09-13 10:30:10.762 [warning] [Decorations] CAPPING events from decorations provider vscode.git 436
2023-09-13 10:30:15.820 [warning] [Decorations] CAPPING events from decorations provider vscode.git 436
2023-09-13 10:30:20.969 [warning] [Decorations] CAPPING events from decorations provider vscode.git 436
2023-09-13 10:30:29.249 [warning] [Decorations] CAPPING events from decorations provider vscode.git 437
2023-09-13 10:30:34.304 [warning] [Decorations] CAPPING events from decorations provider vscode.git 437
2023-09-13 10:30:59.486 [warning] [Decorations] CAPPING events from decorations provider vscode.git 438
2023-09-13 10:31:04.554 [warning] [Decorations] CAPPING events from decorations provider vscode.git 437
2023-09-13 10:31:09.603 [warning] [Decorations] CAPPING events from decorations provider vscode.git 438
2023-09-13 10:31:14.660 [warning] [Decorations] CAPPING events from decorations provider vscode.git 438
2023-09-13 10:31:19.706 [warning] [Decorations] CAPPING events from decorations provider vscode.git 438
2023-09-13 10:31:24.852 [warning] [Decorations] CAPPING events from decorations provider vscode.git 438
2023-09-13 10:31:32.619 [warning] [Decorations] CAPPING events from decorations provider vscode.git 439
2023-09-13 10:31:37.655 [warning] [Decorations] CAPPING events from decorations provider vscode.git 438
2023-09-13 10:31:42.691 [warning] [Decorations] CAPPING events from decorations provider vscode.git 439
2023-09-13 10:31:47.772 [warning] [Decorations] CAPPING events from decorations provider vscode.git 439
2023-09-13 10:31:52.810 [warning] [Decorations] CAPPING events from decorations provider vscode.git 439
2023-09-13 10:31:57.922 [warning] [Decorations] CAPPING events from decorations provider vscode.git 439
2023-09-13 10:32:02.984 [warning] [Decorations] CAPPING events from decorations provider vscode.git 440
2023-09-13 10:32:08.028 [warning] [Decorations] CAPPING events from decorations provider vscode.git 439
2023-09-13 10:32:13.087 [warning] [Decorations] CAPPING events from decorations provider vscode.git 440
2023-09-13 10:32:20.811 [warning] [Decorations] CAPPING events from decorations provider vscode.git 441
2023-09-13 10:32:25.931 [warning] [Decorations] CAPPING events from decorations provider vscode.git 441
2023-09-13 10:32:40.412 [warning] [Decorations] CAPPING events from decorations provider vscode.git 442
2023-09-13 10:32:45.488 [warning] [Decorations] CAPPING events from decorations provider vscode.git 441
2023-09-13 10:32:50.532 [warning] [Decorations] CAPPING events from decorations provider vscode.git 442
2023-09-13 10:32:55.591 [warning] [Decorations] CAPPING events from decorations provider vscode.git 442
2023-09-13 10:33:00.633 [warning] [Decorations] CAPPING events from decorations provider vscode.git 443
2023-09-13 10:33:05.671 [warning] [Decorations] CAPPING events from decorations provider vscode.git 442
2023-09-13 10:33:10.715 [warning] [Decorations] CAPPING events from decorations provider vscode.git 442
2023-09-13 10:33:15.760 [warning] [Decorations] CAPPING events from decorations provider vscode.git 442
2023-09-13 10:33:20.803 [warning] [Decorations] CAPPING events from decorations provider vscode.git 442
2023-09-13 10:33:25.838 [warning] [Decorations] CAPPING events from decorations provider vscode.git 442
2023-09-13 10:33:30.929 [warning] [Decorations] CAPPING events from decorations provider vscode.git 442
2023-09-13 10:33:35.979 [warning] [Decorations] CAPPING events from decorations provider vscode.git 442
2023-09-13 10:33:41.103 [warning] [Decorations] CAPPING events from decorations provider vscode.git 442
2023-09-13 10:33:46.176 [warning] [Decorations] CAPPING events from decorations provider vscode.git 442
2023-09-13 10:33:51.256 [warning] [Decorations] CAPPING events from decorations provider vscode.git 442
2023-09-13 10:33:56.298 [warning] [Decorations] CAPPING events from decorations provider vscode.git 442
2023-09-13 10:34:01.406 [warning] [Decorations] CAPPING events from decorations provider vscode.git 442
2023-09-13 11:22:12.069 [info] Extension host terminating: renderer closed the MessagePort
2023-09-13 11:22:12.330 [error] Canceled: Canceled
	at new h (/snap/code/139/usr/share/code/resources/app/out/vs/workbench/api/node/extensionHostProcess.js:107:57382)
	at i.O (/snap/code/139/usr/share/code/resources/app/out/vs/workbench/api/node/extensionHostProcess.js:116:10850)
	at j.<computed>.T.charCodeAt.j.<computed> (/snap/code/139/usr/share/code/resources/app/out/vs/workbench/api/node/extensionHostProcess.js:116:8289)
	at r.g (/snap/code/139/usr/share/code/resources/app/out/vs/workbench/api/node/extensionHostProcess.js:107:82208)
	at r.executeCommand (/snap/code/139/usr/share/code/resources/app/out/vs/workbench/api/node/extensionHostProcess.js:107:81646)
	at u.registerCommand.description (/snap/code/139/usr/share/code/resources/app/out/vs/workbench/api/node/extensionHostProcess.js:107:80967)
	at r.h (/snap/code/139/usr/share/code/resources/app/out/vs/workbench/api/node/extensionHostProcess.js:107:82744)
	at r.g (/snap/code/139/usr/share/code/resources/app/out/vs/workbench/api/node/extensionHostProcess.js:107:81739)
	at r.executeCommand (/snap/code/139/usr/share/code/resources/app/out/vs/workbench/api/node/extensionHostProcess.js:107:81646)
	at Object.executeCommand (/snap/code/139/usr/share/code/resources/app/out/vs/workbench/api/node/extensionHostProcess.js:122:21247)
	at n.D [as value] (/snap/code/139/usr/share/code/resources/app/extensions/git/dist/main.js:2:1309000)
	at m.w (/snap/code/139/usr/share/code/resources/app/out/vs/workbench/api/node/extensionHostProcess.js:63:1902)
	at m.x (/snap/code/139/usr/share/code/resources/app/out/vs/workbench/api/node/extensionHostProcess.js:63:1972)
	at m.fire (/snap/code/139/usr/share/code/resources/app/out/vs/workbench/api/node/extensionHostProcess.js:63:2188)
	at Object.m [as dispose] (/snap/code/139/usr/share/code/resources/app/extensions/git/dist/main.js:2:1324784)
	at /snap/code/139/usr/share/code/resources/app/extensions/git/dist/main.js:2:1329625
	at Array.forEach (<anonymous>)
	at g.dispose (/snap/code/139/usr/share/code/resources/app/extensions/git/dist/main.js:2:1329611)
	at E.<anonymous> (/snap/code/139/usr/share/code/resources/app/out/vs/workbench/api/node/extensionHostProcess.js:103:3484)
	at E.dispose (/snap/code/139/usr/share/code/resources/app/out/vs/workbench/api/node/extensionHostProcess.js:103:3581)
	at E.<anonymous> (/snap/code/139/usr/share/code/resources/app/extensions/git/dist/main.js:2:1311012)
	at E.dispose (/snap/code/139/usr/share/code/resources/app/out/vs/workbench/api/node/extensionHostProcess.js:103:3581)
	at k (/snap/code/139/usr/share/code/resources/app/out/vs/workbench/api/node/extensionHostProcess.js:13:11730)
	at n.Z (/snap/code/139/usr/share/code/resources/app/out/vs/workbench/api/node/extensionHostProcess.js:118:9652)
	at /snap/code/139/usr/share/code/resources/app/out/vs/workbench/api/node/extensionHostProcess.js:118:7585
	at Array.map (<anonymous>)
	at n.S (/snap/code/139/usr/share/code/resources/app/out/vs/workbench/api/node/extensionHostProcess.js:118:7572)
	at n.terminate (/snap/code/139/usr/share/code/resources/app/out/vs/workbench/api/node/extensionHostProcess.js:118:7844)
	at o.terminate (/snap/code/139/usr/share/code/resources/app/out/vs/workbench/api/node/extensionHostProcess.js:122:1513)
	at D (/snap/code/139/usr/share/code/resources/app/out/vs/workbench/api/node/extensionHostProcess.js:135:9800)
	at MessagePortMain.<anonymous> (/snap/code/139/usr/share/code/resources/app/out/vs/workbench/api/node/extensionHostProcess.js:135:6225)
	at MessagePortMain.emit (node:events:513:28)
	at MessagePortMain._internalPort.emit (node:electron/js2c/utility_init:2:367) setContext undefined
2023-09-13 11:22:12.351 [error] Canceled: Canceled
	at new h (/snap/code/139/usr/share/code/resources/app/out/vs/workbench/api/node/extensionHostProcess.js:107:57382)
	at i.O (/snap/code/139/usr/share/code/resources/app/out/vs/workbench/api/node/extensionHostProcess.js:116:10850)
	at j.<computed>.T.charCodeAt.j.<computed> (/snap/code/139/usr/share/code/resources/app/out/vs/workbench/api/node/extensionHostProcess.js:116:8289)
	at r.g (/snap/code/139/usr/share/code/resources/app/out/vs/workbench/api/node/extensionHostProcess.js:107:82208)
	at r.executeCommand (/snap/code/139/usr/share/code/resources/app/out/vs/workbench/api/node/extensionHostProcess.js:107:81646)
	at u.registerCommand.description (/snap/code/139/usr/share/code/resources/app/out/vs/workbench/api/node/extensionHostProcess.js:107:80967)
	at r.h (/snap/code/139/usr/share/code/resources/app/out/vs/workbench/api/node/extensionHostProcess.js:107:82744)
	at r.g (/snap/code/139/usr/share/code/resources/app/out/vs/workbench/api/node/extensionHostProcess.js:107:81739)
	at r.executeCommand (/snap/code/139/usr/share/code/resources/app/out/vs/workbench/api/node/extensionHostProcess.js:107:81646)
	at Object.executeCommand (/snap/code/139/usr/share/code/resources/app/out/vs/workbench/api/node/extensionHostProcess.js:122:21247)
	at set b [as b] (/snap/code/139/usr/share/code/resources/app/extensions/github/dist/extension.js:2:714434)
	at /snap/code/139/usr/share/code/resources/app/extensions/github/dist/extension.js:2:715075
	at n.value (/snap/code/139/usr/share/code/resources/app/extensions/git/dist/main.js:2:1396602)
	at m.w (/snap/code/139/usr/share/code/resources/app/out/vs/workbench/api/node/extensionHostProcess.js:63:1902)
	at m.x (/snap/code/139/usr/share/code/resources/app/out/vs/workbench/api/node/extensionHostProcess.js:63:1972)
	at m.fire (/snap/code/139/usr/share/code/resources/app/out/vs/workbench/api/node/extensionHostProcess.js:63:2188)
	at Object.m [as dispose] (/snap/code/139/usr/share/code/resources/app/extensions/git/dist/main.js:2:1324784)
	at /snap/code/139/usr/share/code/resources/app/extensions/git/dist/main.js:2:1329625
	at Array.forEach (<anonymous>)
	at g.dispose (/snap/code/139/usr/share/code/resources/app/extensions/git/dist/main.js:2:1329611)
	at E.<anonymous> (/snap/code/139/usr/share/code/resources/app/out/vs/workbench/api/node/extensionHostProcess.js:103:3484)
	at E.dispose (/snap/code/139/usr/share/code/resources/app/out/vs/workbench/api/node/extensionHostProcess.js:103:3581)
	at E.<anonymous> (/snap/code/139/usr/share/code/resources/app/extensions/git/dist/main.js:2:1311012)
	at E.dispose (/snap/code/139/usr/share/code/resources/app/out/vs/workbench/api/node/extensionHostProcess.js:103:3581)
	at k (/snap/code/139/usr/share/code/resources/app/out/vs/workbench/api/node/extensionHostProcess.js:13:11730)
	at n.Z (/snap/code/139/usr/share/code/resources/app/out/vs/workbench/api/node/extensionHostProcess.js:118:9652)
	at /snap/code/139/usr/share/code/resources/app/out/vs/workbench/api/node/extensionHostProcess.js:118:7585
	at Array.map (<anonymous>)
	at n.S (/snap/code/139/usr/share/code/resources/app/out/vs/workbench/api/node/extensionHostProcess.js:118:7572)
	at n.terminate (/snap/code/139/usr/share/code/resources/app/out/vs/workbench/api/node/extensionHostProcess.js:118:7844)
	at o.terminate (/snap/code/139/usr/share/code/resources/app/out/vs/workbench/api/node/extensionHostProcess.js:122:1513)
	at D (/snap/code/139/usr/share/code/resources/app/out/vs/workbench/api/node/extensionHostProcess.js:135:9800)
	at MessagePortMain.<anonymous> (/snap/code/139/usr/share/code/resources/app/out/vs/workbench/api/node/extensionHostProcess.js:135:6225)
	at MessagePortMain.emit (node:events:513:28)
	at MessagePortMain._internalPort.emit (node:electron/js2c/utility_init:2:367) setContext undefined
2023-09-13 11:22:15.143 [error] Error: Channel has been closed
	at i (/snap/code/139/usr/share/code/resources/app/out/vs/workbench/api/node/extensionHostProcess.js:117:2880)
	at Object.trace (/snap/code/139/usr/share/code/resources/app/out/vs/workbench/api/node/extensionHostProcess.js:117:3145)
	at t.$b.start (/snap/code/139/usr/share/code/resources/app/extensions/git/dist/main.js:2:1334547)
	at R.Y (/snap/code/139/usr/share/code/resources/app/extensions/git/dist/main.js:2:1373087)
	at R.status (/snap/code/139/usr/share/code/resources/app/extensions/git/dist/main.js:2:1358547)
	at R.o (/snap/code/139/usr/share/code/resources/app/extensions/git/dist/main.js:2:1265270)
	at R.lb (/snap/code/139/usr/share/code/resources/app/extensions/git/dist/main.js:2:1379082)
2023-09-13 11:22:17.327 [info] Extension host with pid 5308 exiting with code 0
