2023-09-13 09:11:05.904 [info] Log level: Info
2023-09-13 09:11:05.904 [info] Validating found git in: "git"
2023-09-13 09:11:05.904 [info] Using git "2.34.1" from "git"
2023-09-13 09:11:05.904 [info] > git rev-parse --show-toplevel [99ms]
2023-09-13 09:11:05.912 [info] > git rev-parse --git-dir --git-common-dir [11ms]
2023-09-13 09:11:05.923 [info] Open repository: /home/user/webpages_tech/Breakout2_group_code
2023-09-13 09:11:06.052 [info] > git rev-parse --show-toplevel [9ms]
2023-09-13 09:11:06.209 [info] > git config --get commit.template [223ms]
2023-09-13 09:11:06.211 [info] > git for-each-ref --format=%(refname)%00%(upstream:short)%00%(objectname)%00%(upstream:track)%00%(upstream:remotename)%00%(upstream:remoteref) refs/heads/main refs/remotes/main [64ms]
2023-09-13 09:11:06.255 [info] > git rev-parse --show-toplevel [53ms]
2023-09-13 09:11:06.278 [info] > git status -z -uall [39ms]
2023-09-13 09:11:06.278 [info] > git rev-parse --show-toplevel [2ms]
2023-09-13 09:11:06.482 [info] > git config --get commit.template [103ms]
2023-09-13 09:11:06.483 [info] > git rev-parse --show-toplevel [144ms]
2023-09-13 09:11:06.605 [info] > git rev-parse --show-toplevel [62ms]
2023-09-13 09:11:06.621 [info] > git for-each-ref --format=%(refname)%00%(upstream:short)%00%(objectname)%00%(upstream:track)%00%(upstream:remotename)%00%(upstream:remoteref) refs/heads/main refs/remotes/main [26ms]
2023-09-13 09:11:06.632 [info] > git rev-parse --show-toplevel [11ms]
2023-09-13 09:11:06.644 [info] > git status -z -uall [14ms]
2023-09-13 09:11:06.709 [info] > git rev-parse --show-toplevel [65ms]
2023-09-13 09:11:06.729 [info] > git rev-parse --show-toplevel [8ms]
2023-09-13 09:11:06.798 [info] > git rev-parse --show-toplevel [58ms]
2023-09-13 09:11:06.817 [info] > git check-ignore -v -z --stdin [8ms]
2023-09-13 09:11:06.825 [info] > git rev-parse --show-toplevel [10ms]
2023-09-13 09:11:06.841 [info] > git rev-parse --show-toplevel [6ms]
2023-09-13 09:11:06.854 [info] > git rev-parse --show-toplevel [4ms]
2023-09-13 09:11:06.864 [info] > git rev-parse --show-toplevel [3ms]
2023-09-13 09:11:06.881 [info] > git rev-parse --show-toplevel [4ms]
2023-09-13 09:11:06.910 [info] > git rev-parse --show-toplevel [8ms]
2023-09-13 09:11:06.926 [info] > git rev-parse --show-toplevel [5ms]
2023-09-13 09:11:06.934 [info] > git rev-parse --show-toplevel [2ms]
2023-09-13 09:11:07.092 [info] > git show --textconv :index.html [67ms]
2023-09-13 09:11:07.120 [info] > git ls-files --stage -- /home/user/webpages_tech/Breakout2_group_code/index.html [29ms]
2023-09-13 09:11:07.147 [info] > git cat-file -s b9fa2527c4a22b7f9397abe87aa4575c4bd7c740 [7ms]
2023-09-13 09:11:08.382 [info] > git config --get commit.template [27ms]
2023-09-13 09:11:08.394 [info] > git for-each-ref --format=%(refname)%00%(upstream:short)%00%(objectname)%00%(upstream:track)%00%(upstream:remotename)%00%(upstream:remoteref) refs/heads/main refs/remotes/main [11ms]
2023-09-13 09:11:08.446 [info] > git status -z -uall [27ms]
2023-09-13 09:11:13.513 [info] > git config --get commit.template [16ms]
2023-09-13 09:11:13.520 [info] > git for-each-ref --format=%(refname)%00%(upstream:short)%00%(objectname)%00%(upstream:track)%00%(upstream:remotename)%00%(upstream:remoteref) refs/heads/main refs/remotes/main [8ms]
2023-09-13 09:11:13.544 [info] > git status -z -uall [12ms]
2023-09-13 09:11:18.641 [info] > git config --get commit.template [33ms]
2023-09-13 09:11:18.644 [info] > git for-each-ref --format=%(refname)%00%(upstream:short)%00%(objectname)%00%(upstream:track)%00%(upstream:remotename)%00%(upstream:remoteref) refs/heads/main refs/remotes/main [5ms]
2023-09-13 09:11:18.674 [info] > git status -z -uall [12ms]
2023-09-13 09:11:23.733 [info] > git config --get commit.template [18ms]
2023-09-13 09:11:23.748 [info] > git for-each-ref --format=%(refname)%00%(upstream:short)%00%(objectname)%00%(upstream:track)%00%(upstream:remotename)%00%(upstream:remoteref) refs/heads/main refs/remotes/main [17ms]
2023-09-13 09:11:23.764 [info] > git status -z -uall [6ms]
2023-09-13 09:11:26.243 [info] > git check-ignore -v -z --stdin [6ms]
2023-09-13 09:11:27.935 [info] > git show --textconv :style.css [29ms]
2023-09-13 09:11:27.955 [info] > git ls-files --stage -- /home/user/webpages_tech/Breakout2_group_code/style.css [17ms]
2023-09-13 09:11:28.011 [info] > git cat-file -s 222a432f09903725ef6f69bad6559148cde732ac [45ms]
2023-09-13 09:11:29.312 [info] > git config --get commit.template [22ms]
2023-09-13 09:11:29.324 [info] > git for-each-ref --format=%(refname)%00%(upstream:short)%00%(objectname)%00%(upstream:track)%00%(upstream:remotename)%00%(upstream:remoteref) refs/heads/main refs/remotes/main [22ms]
2023-09-13 09:11:29.351 [info] > git status -z -uall [6ms]
2023-09-13 09:11:34.385 [info] > git config --get commit.template [11ms]
2023-09-13 09:11:34.392 [info] > git for-each-ref --format=%(refname)%00%(upstream:short)%00%(objectname)%00%(upstream:track)%00%(upstream:remotename)%00%(upstream:remoteref) refs/heads/main refs/remotes/main [8ms]
2023-09-13 09:11:34.417 [info] > git status -z -uall [9ms]
2023-09-13 09:11:39.449 [info] > git config --get commit.template [11ms]
2023-09-13 09:11:39.454 [info] > git for-each-ref --format=%(refname)%00%(upstream:short)%00%(objectname)%00%(upstream:track)%00%(upstream:remotename)%00%(upstream:remoteref) refs/heads/main refs/remotes/main [6ms]
2023-09-13 09:11:39.469 [info] > git status -z -uall [9ms]
2023-09-13 09:11:44.505 [info] > git config --get commit.template [13ms]
2023-09-13 09:11:44.510 [info] > git for-each-ref --format=%(refname)%00%(upstream:short)%00%(objectname)%00%(upstream:track)%00%(upstream:remotename)%00%(upstream:remoteref) refs/heads/main refs/remotes/main [6ms]
2023-09-13 09:11:44.537 [info] > git status -z -uall [14ms]
2023-09-13 09:11:49.584 [info] > git config --get commit.template [12ms]
2023-09-13 09:11:49.589 [info] > git for-each-ref --format=%(refname)%00%(upstream:short)%00%(objectname)%00%(upstream:track)%00%(upstream:remotename)%00%(upstream:remoteref) refs/heads/main refs/remotes/main [6ms]
2023-09-13 09:11:49.604 [info] > git status -z -uall [6ms]
2023-09-13 09:11:54.647 [info] > git config --get commit.template [10ms]
2023-09-13 09:11:54.654 [info] > git for-each-ref --format=%(refname)%00%(upstream:short)%00%(objectname)%00%(upstream:track)%00%(upstream:remotename)%00%(upstream:remoteref) refs/heads/main refs/remotes/main [8ms]
2023-09-13 09:11:54.673 [info] > git status -z -uall [8ms]
2023-09-13 09:11:59.732 [info] > git config --get commit.template [23ms]
2023-09-13 09:11:59.737 [info] > git for-each-ref --format=%(refname)%00%(upstream:short)%00%(objectname)%00%(upstream:track)%00%(upstream:remotename)%00%(upstream:remoteref) refs/heads/main refs/remotes/main [6ms]
2023-09-13 09:11:59.756 [info] > git status -z -uall [10ms]
2023-09-13 09:12:06.389 [info] > git config --get commit.template [18ms]
2023-09-13 09:12:06.402 [info] > git for-each-ref --format=%(refname)%00%(upstream:short)%00%(objectname)%00%(upstream:track)%00%(upstream:remotename)%00%(upstream:remoteref) refs/heads/main refs/remotes/main [16ms]
2023-09-13 09:12:06.429 [info] > git status -z -uall [11ms]
2023-09-13 09:12:08.846 [info] > git check-ignore -v -z --stdin [4ms]
2023-09-13 09:12:11.480 [info] > git config --get commit.template [12ms]
2023-09-13 09:12:11.483 [info] > git for-each-ref --format=%(refname)%00%(upstream:short)%00%(objectname)%00%(upstream:track)%00%(upstream:remotename)%00%(upstream:remoteref) refs/heads/main refs/remotes/main [3ms]
2023-09-13 09:12:11.499 [info] > git status -z -uall [4ms]
2023-09-13 09:12:16.539 [info] > git config --get commit.template [19ms]
2023-09-13 09:12:16.569 [info] > git for-each-ref --format=%(refname)%00%(upstream:short)%00%(objectname)%00%(upstream:track)%00%(upstream:remotename)%00%(upstream:remoteref) refs/heads/main refs/remotes/main [38ms]
2023-09-13 09:12:16.582 [info] > git status -z -uall [5ms]
2023-09-13 09:12:21.636 [info] > git config --get commit.template [20ms]
2023-09-13 09:12:21.643 [info] > git for-each-ref --format=%(refname)%00%(upstream:short)%00%(objectname)%00%(upstream:track)%00%(upstream:remotename)%00%(upstream:remoteref) refs/heads/main refs/remotes/main [8ms]
2023-09-13 09:12:21.665 [info] > git status -z -uall [9ms]
2023-09-13 09:12:40.988 [info] > git config --get commit.template [35ms]
2023-09-13 09:12:40.999 [info] > git for-each-ref --format=%(refname)%00%(upstream:short)%00%(objectname)%00%(upstream:track)%00%(upstream:remotename)%00%(upstream:remoteref) refs/heads/main refs/remotes/main [13ms]
2023-09-13 09:12:41.036 [info] > git status -z -uall [16ms]
2023-09-13 09:12:48.910 [info] > git config --get commit.template [52ms]
2023-09-13 09:12:48.916 [info] > git for-each-ref --format=%(refname)%00%(upstream:short)%00%(objectname)%00%(upstream:track)%00%(upstream:remotename)%00%(upstream:remoteref) refs/heads/main refs/remotes/main [9ms]
2023-09-13 09:12:48.943 [info] > git status -z -uall [11ms]
2023-09-13 09:15:34.852 [info] > git config --get commit.template [34ms]
2023-09-13 09:15:34.858 [info] > git for-each-ref --format=%(refname)%00%(upstream:short)%00%(objectname)%00%(upstream:track)%00%(upstream:remotename)%00%(upstream:remoteref) refs/heads/main refs/remotes/main [9ms]
2023-09-13 09:15:34.888 [info] > git status -z -uall [11ms]
2023-09-13 09:16:25.067 [info] > git config --get commit.template [18ms]
2023-09-13 09:16:25.074 [info] > git for-each-ref --format=%(refname)%00%(upstream:short)%00%(objectname)%00%(upstream:track)%00%(upstream:remotename)%00%(upstream:remoteref) refs/heads/main refs/remotes/main [10ms]
2023-09-13 09:16:25.105 [info] > git status -z -uall [15ms]
2023-09-13 09:17:48.817 [info] > git config --get commit.template [20ms]
2023-09-13 09:17:48.825 [info] > git for-each-ref --format=%(refname)%00%(upstream:short)%00%(objectname)%00%(upstream:track)%00%(upstream:remotename)%00%(upstream:remoteref) refs/heads/main refs/remotes/main [9ms]
2023-09-13 09:17:48.857 [info] > git status -z -uall [17ms]
2023-09-13 09:21:25.171 [info] > git config --get commit.template [24ms]
2023-09-13 09:21:25.185 [info] > git for-each-ref --format=%(refname)%00%(upstream:short)%00%(objectname)%00%(upstream:track)%00%(upstream:remotename)%00%(upstream:remoteref) refs/heads/main refs/remotes/main [16ms]
2023-09-13 09:21:25.216 [info] > git status -z -uall [12ms]
2023-09-13 09:26:25.233 [info] > git config --get commit.template [28ms]
2023-09-13 09:26:25.250 [info] > git for-each-ref --format=%(refname)%00%(upstream:short)%00%(objectname)%00%(upstream:track)%00%(upstream:remotename)%00%(upstream:remoteref) refs/heads/main refs/remotes/main [26ms]
2023-09-13 09:26:25.282 [info] > git status -z -uall [14ms]
2023-09-13 09:31:25.890 [info] > git config --get commit.template [30ms]
2023-09-13 09:31:25.895 [info] > git for-each-ref --format=%(refname)%00%(upstream:short)%00%(objectname)%00%(upstream:track)%00%(upstream:remotename)%00%(upstream:remoteref) refs/heads/main refs/remotes/main [14ms]
2023-09-13 09:31:25.930 [info] > git status -z -uall [13ms]
2023-09-13 09:36:25.405 [info] > git config --get commit.template [45ms]
2023-09-13 09:36:25.411 [info] > git for-each-ref --format=%(refname)%00%(upstream:short)%00%(objectname)%00%(upstream:track)%00%(upstream:remotename)%00%(upstream:remoteref) refs/heads/main refs/remotes/main [14ms]
2023-09-13 09:36:25.444 [info] > git status -z -uall [14ms]
2023-09-13 09:41:25.439 [info] > git config --get commit.template [30ms]
2023-09-13 09:41:25.447 [info] > git for-each-ref --format=%(refname)%00%(upstream:short)%00%(objectname)%00%(upstream:track)%00%(upstream:remotename)%00%(upstream:remoteref) refs/heads/main refs/remotes/main [10ms]
2023-09-13 09:41:25.476 [info] > git status -z -uall [11ms]
2023-09-13 09:43:47.215 [info] > git config --get commit.template [48ms]
2023-09-13 09:43:47.236 [info] > git for-each-ref --format=%(refname)%00%(upstream:short)%00%(objectname)%00%(upstream:track)%00%(upstream:remotename)%00%(upstream:remoteref) refs/heads/main refs/remotes/main [22ms]
2023-09-13 09:43:47.272 [info] > git status -z -uall [20ms]
2023-09-13 09:43:52.316 [info] > git config --get commit.template [16ms]
2023-09-13 09:43:52.318 [info] > git for-each-ref --format=%(refname)%00%(upstream:short)%00%(objectname)%00%(upstream:track)%00%(upstream:remotename)%00%(upstream:remoteref) refs/heads/main refs/remotes/main [3ms]
2023-09-13 09:43:52.341 [info] > git status -z -uall [11ms]
2023-09-13 09:44:07.470 [info] > git config --get commit.template [18ms]
2023-09-13 09:44:07.475 [info] > git for-each-ref --format=%(refname)%00%(upstream:short)%00%(objectname)%00%(upstream:track)%00%(upstream:remotename)%00%(upstream:remoteref) refs/heads/main refs/remotes/main [6ms]
2023-09-13 09:44:07.491 [info] > git status -z -uall [6ms]
2023-09-13 09:44:12.529 [info] > git config --get commit.template [14ms]
2023-09-13 09:44:12.532 [info] > git for-each-ref --format=%(refname)%00%(upstream:short)%00%(objectname)%00%(upstream:track)%00%(upstream:remotename)%00%(upstream:remoteref) refs/heads/main refs/remotes/main [4ms]
2023-09-13 09:44:12.547 [info] > git status -z -uall [5ms]
2023-09-13 09:44:21.187 [info] > git config --get commit.template [3ms]
2023-09-13 09:44:21.203 [info] > git for-each-ref --format=%(refname)%00%(upstream:short)%00%(objectname)%00%(upstream:track)%00%(upstream:remotename)%00%(upstream:remoteref) refs/heads/main refs/remotes/main [6ms]
2023-09-13 09:44:21.219 [info] > git status -z -uall [6ms]
